Using Spark's default log4j profile: org/apache/spark/log4j-defaults.properties
18/11/08 19:54:10 INFO SparkContext: Running Spark version 1.5.2
18/11/08 19:54:11 WARN NativeCodeLoader: Unable to load native-hadoop library for your platform... using builtin-java classes where applicable
18/11/08 19:54:11 INFO SecurityManager: Changing view acls to: sirohi
18/11/08 19:54:11 INFO SecurityManager: Changing modify acls to: sirohi
18/11/08 19:54:11 INFO SecurityManager: SecurityManager: authentication disabled; ui acls disabled; users with view permissions: Set(sirohi); users with modify permissions: Set(sirohi)
18/11/08 19:54:12 INFO Slf4jLogger: Slf4jLogger started
18/11/08 19:54:12 INFO Remoting: Starting remoting
18/11/08 19:54:12 INFO Remoting: Remoting started; listening on addresses :[akka.tcp://sparkDriver@198.202.112.126:38467]
18/11/08 19:54:12 INFO Utils: Successfully started service 'sparkDriver' on port 38467.
18/11/08 19:54:12 INFO SparkEnv: Registering MapOutputTracker
18/11/08 19:54:12 INFO SparkEnv: Registering BlockManagerMaster
18/11/08 19:54:12 INFO DiskBlockManager: Created local directory at /tmp/blockmgr-b92a1a1a-74fa-4c02-8aae-cd4404de1a87
18/11/08 19:54:12 INFO MemoryStore: MemoryStore started with capacity 530.0 MB
18/11/08 19:54:12 INFO HttpFileServer: HTTP File server directory is /tmp/spark-a6986cc2-1746-4cdd-8a01-8e13378852c6/httpd-015c9b65-b975-4d17-8e8a-d7ff0b0e93cd
18/11/08 19:54:12 INFO HttpServer: Starting HTTP Server
18/11/08 19:54:12 INFO Utils: Successfully started service 'HTTP file server' on port 41258.
18/11/08 19:54:12 INFO SparkEnv: Registering OutputCommitCoordinator
18/11/08 19:54:12 INFO Utils: Successfully started service 'SparkUI' on port 4040.
18/11/08 19:54:12 INFO SparkUI: Started SparkUI at http://198.202.112.126:4040
18/11/08 19:54:12 INFO SparkContext: Added JAR file:/home/sirohi/project5/partition.jar at http://198.202.112.126:41258/jars/partition.jar with timestamp 1541735652613
18/11/08 19:54:12 WARN MetricsSystem: Using default name DAGScheduler for source because spark.app.id is not set.
18/11/08 19:54:12 INFO Executor: Starting executor ID driver on host localhost
18/11/08 19:54:12 INFO Utils: Successfully started service 'org.apache.spark.network.netty.NettyBlockTransferService' on port 36459.
18/11/08 19:54:12 INFO NettyBlockTransferService: Server created on 36459
18/11/08 19:54:12 INFO BlockManagerMaster: Trying to register BlockManager
18/11/08 19:54:12 INFO BlockManagerMasterEndpoint: Registering block manager localhost:36459 with 530.0 MB RAM, BlockManagerId(driver, localhost, 36459)
18/11/08 19:54:12 INFO BlockManagerMaster: Registered BlockManager
18/11/08 19:54:13 INFO MemoryStore: ensureFreeSpace(120040) called with curMem=0, maxMem=555755765
18/11/08 19:54:13 INFO MemoryStore: Block broadcast_0 stored as values in memory (estimated size 117.2 KB, free 529.9 MB)
18/11/08 19:54:14 INFO MemoryStore: ensureFreeSpace(12673) called with curMem=120040, maxMem=555755765
18/11/08 19:54:14 INFO MemoryStore: Block broadcast_0_piece0 stored as bytes in memory (estimated size 12.4 KB, free 529.9 MB)
18/11/08 19:54:14 INFO BlockManagerInfo: Added broadcast_0_piece0 in memory on localhost:36459 (size: 12.4 KB, free: 530.0 MB)
18/11/08 19:54:14 INFO SparkContext: Created broadcast 0 from textFile at Partition.scala:45
18/11/08 19:54:14 INFO FileInputFormat: Total input paths to process : 1
18/11/08 19:54:14 INFO SparkContext: Starting job: foreach at Partition.scala:56
18/11/08 19:54:14 INFO DAGScheduler: Registering RDD 3 (flatMap at Partition.scala:48)
18/11/08 19:54:14 INFO DAGScheduler: Registering RDD 6 (flatMap at Partition.scala:48)
18/11/08 19:54:14 INFO DAGScheduler: Registering RDD 9 (flatMap at Partition.scala:48)
18/11/08 19:54:14 INFO DAGScheduler: Registering RDD 12 (flatMap at Partition.scala:48)
18/11/08 19:54:14 INFO DAGScheduler: Registering RDD 15 (flatMap at Partition.scala:48)
18/11/08 19:54:14 INFO DAGScheduler: Registering RDD 18 (flatMap at Partition.scala:48)
18/11/08 19:54:14 INFO DAGScheduler: Registering RDD 21 (map at Partition.scala:51)
18/11/08 19:54:14 INFO DAGScheduler: Got job 0 (foreach at Partition.scala:56) with 2 output partitions
18/11/08 19:54:14 INFO DAGScheduler: Final stage: ResultStage 7(foreach at Partition.scala:56)
18/11/08 19:54:14 INFO DAGScheduler: Parents of final stage: List(ShuffleMapStage 6)
18/11/08 19:54:14 INFO DAGScheduler: Missing parents: List(ShuffleMapStage 6)
18/11/08 19:54:14 INFO DAGScheduler: Submitting ShuffleMapStage 0 (MapPartitionsRDD[3] at flatMap at Partition.scala:48), which has no missing parents
18/11/08 19:54:14 INFO MemoryStore: ensureFreeSpace(4936) called with curMem=132713, maxMem=555755765
18/11/08 19:54:14 INFO MemoryStore: Block broadcast_1 stored as values in memory (estimated size 4.8 KB, free 529.9 MB)
18/11/08 19:54:14 INFO MemoryStore: ensureFreeSpace(2641) called with curMem=137649, maxMem=555755765
18/11/08 19:54:14 INFO MemoryStore: Block broadcast_1_piece0 stored as bytes in memory (estimated size 2.6 KB, free 529.9 MB)
18/11/08 19:54:14 INFO BlockManagerInfo: Added broadcast_1_piece0 in memory on localhost:36459 (size: 2.6 KB, free: 530.0 MB)
18/11/08 19:54:14 INFO SparkContext: Created broadcast 1 from broadcast at DAGScheduler.scala:861
18/11/08 19:54:14 INFO DAGScheduler: Submitting 2 missing tasks from ShuffleMapStage 0 (MapPartitionsRDD[3] at flatMap at Partition.scala:48)
18/11/08 19:54:14 INFO TaskSchedulerImpl: Adding task set 0.0 with 2 tasks
18/11/08 19:54:14 INFO TaskSetManager: Starting task 0.0 in stage 0.0 (TID 0, localhost, PROCESS_LOCAL, 2197 bytes)
18/11/08 19:54:14 INFO TaskSetManager: Starting task 1.0 in stage 0.0 (TID 1, localhost, PROCESS_LOCAL, 2197 bytes)
18/11/08 19:54:14 INFO Executor: Running task 1.0 in stage 0.0 (TID 1)
18/11/08 19:54:14 INFO Executor: Running task 0.0 in stage 0.0 (TID 0)
18/11/08 19:54:14 INFO Executor: Fetching http://198.202.112.126:41258/jars/partition.jar with timestamp 1541735652613
18/11/08 19:54:14 INFO Utils: Fetching http://198.202.112.126:41258/jars/partition.jar to /tmp/spark-a6986cc2-1746-4cdd-8a01-8e13378852c6/userFiles-a697799a-279c-4a03-aacd-10ca5caf3f33/fetchFileTemp3357776989218933201.tmp
18/11/08 19:54:14 INFO Executor: Adding file:/tmp/spark-a6986cc2-1746-4cdd-8a01-8e13378852c6/userFiles-a697799a-279c-4a03-aacd-10ca5caf3f33/partition.jar to class loader
18/11/08 19:54:14 INFO HadoopRDD: Input split: file:/home/sirohi/project5/small-graph.txt:1770+1771
18/11/08 19:54:14 INFO HadoopRDD: Input split: file:/home/sirohi/project5/small-graph.txt:0+1770
18/11/08 19:54:14 INFO deprecation: mapred.tip.id is deprecated. Instead, use mapreduce.task.id
18/11/08 19:54:14 INFO deprecation: mapred.task.id is deprecated. Instead, use mapreduce.task.attempt.id
18/11/08 19:54:14 INFO deprecation: mapred.task.is.map is deprecated. Instead, use mapreduce.task.ismap
18/11/08 19:54:14 INFO deprecation: mapred.task.partition is deprecated. Instead, use mapreduce.task.partition
18/11/08 19:54:14 INFO deprecation: mapred.job.id is deprecated. Instead, use mapreduce.job.id
18/11/08 19:54:14 INFO Executor: Finished task 1.0 in stage 0.0 (TID 1). 2254 bytes result sent to driver
18/11/08 19:54:14 INFO Executor: Finished task 0.0 in stage 0.0 (TID 0). 2254 bytes result sent to driver
18/11/08 19:54:14 INFO TaskSetManager: Finished task 1.0 in stage 0.0 (TID 1) in 200 ms on localhost (1/2)
18/11/08 19:54:14 INFO TaskSetManager: Finished task 0.0 in stage 0.0 (TID 0) in 233 ms on localhost (2/2)
18/11/08 19:54:14 INFO DAGScheduler: ShuffleMapStage 0 (flatMap at Partition.scala:48) finished in 0.228 s
18/11/08 19:54:14 INFO DAGScheduler: looking for newly runnable stages
18/11/08 19:54:14 INFO DAGScheduler: running: Set()
18/11/08 19:54:14 INFO DAGScheduler: waiting: Set(ShuffleMapStage 1, ShuffleMapStage 5, ShuffleMapStage 2, ShuffleMapStage 6, ShuffleMapStage 3, ResultStage 7, ShuffleMapStage 4)
18/11/08 19:54:14 INFO DAGScheduler: failed: Set()
18/11/08 19:54:14 INFO DAGScheduler: Missing parents for ShuffleMapStage 1: List()
18/11/08 19:54:14 INFO DAGScheduler: Missing parents for ShuffleMapStage 5: List(ShuffleMapStage 4)
18/11/08 19:54:14 INFO DAGScheduler: Missing parents for ShuffleMapStage 2: List(ShuffleMapStage 1)
18/11/08 19:54:14 INFO DAGScheduler: Missing parents for ShuffleMapStage 6: List(ShuffleMapStage 5)
18/11/08 19:54:14 INFO DAGScheduler: Missing parents for ShuffleMapStage 3: List(ShuffleMapStage 2)
18/11/08 19:54:14 INFO DAGScheduler: Missing parents for ResultStage 7: List(ShuffleMapStage 6)
18/11/08 19:54:14 INFO DAGScheduler: Missing parents for ShuffleMapStage 4: List(ShuffleMapStage 3)
18/11/08 19:54:14 INFO DAGScheduler: Submitting ShuffleMapStage 1 (MapPartitionsRDD[6] at flatMap at Partition.scala:48), which is now runnable
18/11/08 19:54:14 INFO TaskSchedulerImpl: Removed TaskSet 0.0, whose tasks have all completed, from pool 
18/11/08 19:54:14 INFO MemoryStore: ensureFreeSpace(5488) called with curMem=140290, maxMem=555755765
18/11/08 19:54:14 INFO MemoryStore: Block broadcast_2 stored as values in memory (estimated size 5.4 KB, free 529.9 MB)
18/11/08 19:54:14 INFO MemoryStore: ensureFreeSpace(2861) called with curMem=145778, maxMem=555755765
18/11/08 19:54:14 INFO MemoryStore: Block broadcast_2_piece0 stored as bytes in memory (estimated size 2.8 KB, free 529.9 MB)
18/11/08 19:54:14 INFO BlockManagerInfo: Added broadcast_2_piece0 in memory on localhost:36459 (size: 2.8 KB, free: 530.0 MB)
18/11/08 19:54:14 INFO SparkContext: Created broadcast 2 from broadcast at DAGScheduler.scala:861
18/11/08 19:54:14 INFO DAGScheduler: Submitting 2 missing tasks from ShuffleMapStage 1 (MapPartitionsRDD[6] at flatMap at Partition.scala:48)
18/11/08 19:54:14 INFO TaskSchedulerImpl: Adding task set 1.0 with 2 tasks
18/11/08 19:54:14 INFO TaskSetManager: Starting task 0.0 in stage 1.0 (TID 2, localhost, PROCESS_LOCAL, 1947 bytes)
18/11/08 19:54:14 INFO TaskSetManager: Starting task 1.0 in stage 1.0 (TID 3, localhost, PROCESS_LOCAL, 1947 bytes)
18/11/08 19:54:14 INFO Executor: Running task 0.0 in stage 1.0 (TID 2)
18/11/08 19:54:14 INFO Executor: Running task 1.0 in stage 1.0 (TID 3)
18/11/08 19:54:14 INFO ShuffleBlockFetcherIterator: Getting 2 non-empty blocks out of 2 blocks
18/11/08 19:54:14 INFO ShuffleBlockFetcherIterator: Started 0 remote fetches in 2 ms
18/11/08 19:54:14 INFO ShuffleBlockFetcherIterator: Getting 2 non-empty blocks out of 2 blocks
18/11/08 19:54:14 INFO ShuffleBlockFetcherIterator: Started 0 remote fetches in 10 ms
18/11/08 19:54:14 INFO Executor: Finished task 1.0 in stage 1.0 (TID 3). 1375 bytes result sent to driver
18/11/08 19:54:14 INFO TaskSetManager: Finished task 1.0 in stage 1.0 (TID 3) in 115 ms on localhost (1/2)
18/11/08 19:54:15 INFO Executor: Finished task 0.0 in stage 1.0 (TID 2). 1375 bytes result sent to driver
18/11/08 19:54:15 INFO DAGScheduler: ShuffleMapStage 1 (flatMap at Partition.scala:48) finished in 0.182 s
18/11/08 19:54:15 INFO DAGScheduler: looking for newly runnable stages
18/11/08 19:54:15 INFO DAGScheduler: running: Set()
18/11/08 19:54:15 INFO DAGScheduler: waiting: Set(ShuffleMapStage 5, ShuffleMapStage 2, ShuffleMapStage 6, ShuffleMapStage 3, ResultStage 7, ShuffleMapStage 4)
18/11/08 19:54:15 INFO DAGScheduler: failed: Set()
18/11/08 19:54:15 INFO DAGScheduler: Missing parents for ShuffleMapStage 5: List(ShuffleMapStage 4)
18/11/08 19:54:15 INFO DAGScheduler: Missing parents for ShuffleMapStage 2: List()
18/11/08 19:54:15 INFO DAGScheduler: Missing parents for ShuffleMapStage 6: List(ShuffleMapStage 5)
18/11/08 19:54:15 INFO DAGScheduler: Missing parents for ShuffleMapStage 3: List(ShuffleMapStage 2)
18/11/08 19:54:15 INFO DAGScheduler: Missing parents for ResultStage 7: List(ShuffleMapStage 6)
18/11/08 19:54:15 INFO DAGScheduler: Missing parents for ShuffleMapStage 4: List(ShuffleMapStage 3)
18/11/08 19:54:15 INFO DAGScheduler: Submitting ShuffleMapStage 2 (MapPartitionsRDD[9] at flatMap at Partition.scala:48), which is now runnable
18/11/08 19:54:15 INFO MemoryStore: ensureFreeSpace(5816) called with curMem=148639, maxMem=555755765
18/11/08 19:54:15 INFO MemoryStore: Block broadcast_3 stored as values in memory (estimated size 5.7 KB, free 529.9 MB)
18/11/08 19:54:15 INFO MemoryStore: ensureFreeSpace(2965) called with curMem=154455, maxMem=555755765
18/11/08 19:54:15 INFO MemoryStore: Block broadcast_3_piece0 stored as bytes in memory (estimated size 2.9 KB, free 529.9 MB)
18/11/08 19:54:15 INFO BlockManagerInfo: Added broadcast_3_piece0 in memory on localhost:36459 (size: 2.9 KB, free: 530.0 MB)
18/11/08 19:54:15 INFO SparkContext: Created broadcast 3 from broadcast at DAGScheduler.scala:861
18/11/08 19:54:15 INFO DAGScheduler: Submitting 2 missing tasks from ShuffleMapStage 2 (MapPartitionsRDD[9] at flatMap at Partition.scala:48)
18/11/08 19:54:15 INFO TaskSchedulerImpl: Adding task set 2.0 with 2 tasks
18/11/08 19:54:15 INFO TaskSetManager: Finished task 0.0 in stage 1.0 (TID 2) in 182 ms on localhost (2/2)
18/11/08 19:54:15 INFO TaskSchedulerImpl: Removed TaskSet 1.0, whose tasks have all completed, from pool 
18/11/08 19:54:15 INFO TaskSetManager: Starting task 0.0 in stage 2.0 (TID 4, localhost, PROCESS_LOCAL, 1947 bytes)
18/11/08 19:54:15 INFO TaskSetManager: Starting task 1.0 in stage 2.0 (TID 5, localhost, PROCESS_LOCAL, 1947 bytes)
18/11/08 19:54:15 INFO Executor: Running task 1.0 in stage 2.0 (TID 5)
18/11/08 19:54:15 INFO ShuffleBlockFetcherIterator: Getting 2 non-empty blocks out of 2 blocks
18/11/08 19:54:15 INFO ShuffleBlockFetcherIterator: Started 0 remote fetches in 0 ms
18/11/08 19:54:15 INFO Executor: Running task 0.0 in stage 2.0 (TID 4)
18/11/08 19:54:15 INFO ShuffleBlockFetcherIterator: Getting 2 non-empty blocks out of 2 blocks
18/11/08 19:54:15 INFO ShuffleBlockFetcherIterator: Started 0 remote fetches in 1 ms
18/11/08 19:54:15 INFO Executor: Finished task 1.0 in stage 2.0 (TID 5). 1375 bytes result sent to driver
18/11/08 19:54:15 INFO TaskSetManager: Finished task 1.0 in stage 2.0 (TID 5) in 40 ms on localhost (1/2)
18/11/08 19:54:15 INFO Executor: Finished task 0.0 in stage 2.0 (TID 4). 1375 bytes result sent to driver
18/11/08 19:54:15 INFO TaskSetManager: Finished task 0.0 in stage 2.0 (TID 4) in 115 ms on localhost (2/2)
18/11/08 19:54:15 INFO TaskSchedulerImpl: Removed TaskSet 2.0, whose tasks have all completed, from pool 
18/11/08 19:54:15 INFO DAGScheduler: ShuffleMapStage 2 (flatMap at Partition.scala:48) finished in 0.109 s
18/11/08 19:54:15 INFO DAGScheduler: looking for newly runnable stages
18/11/08 19:54:15 INFO DAGScheduler: running: Set()
18/11/08 19:54:15 INFO DAGScheduler: waiting: Set(ShuffleMapStage 5, ShuffleMapStage 6, ShuffleMapStage 3, ResultStage 7, ShuffleMapStage 4)
18/11/08 19:54:15 INFO DAGScheduler: failed: Set()
18/11/08 19:54:15 INFO DAGScheduler: Missing parents for ShuffleMapStage 5: List(ShuffleMapStage 4)
18/11/08 19:54:15 INFO DAGScheduler: Missing parents for ShuffleMapStage 6: List(ShuffleMapStage 5)
18/11/08 19:54:15 INFO DAGScheduler: Missing parents for ShuffleMapStage 3: List()
18/11/08 19:54:15 INFO DAGScheduler: Missing parents for ResultStage 7: List(ShuffleMapStage 6)
18/11/08 19:54:15 INFO DAGScheduler: Missing parents for ShuffleMapStage 4: List(ShuffleMapStage 3)
18/11/08 19:54:15 INFO DAGScheduler: Submitting ShuffleMapStage 3 (MapPartitionsRDD[12] at flatMap at Partition.scala:48), which is now runnable
18/11/08 19:54:15 INFO MemoryStore: ensureFreeSpace(6152) called with curMem=157420, maxMem=555755765
18/11/08 19:54:15 INFO MemoryStore: Block broadcast_4 stored as values in memory (estimated size 6.0 KB, free 529.9 MB)
18/11/08 19:54:15 INFO MemoryStore: ensureFreeSpace(3044) called with curMem=163572, maxMem=555755765
18/11/08 19:54:15 INFO MemoryStore: Block broadcast_4_piece0 stored as bytes in memory (estimated size 3.0 KB, free 529.9 MB)
18/11/08 19:54:15 INFO BlockManagerInfo: Added broadcast_4_piece0 in memory on localhost:36459 (size: 3.0 KB, free: 530.0 MB)
18/11/08 19:54:15 INFO SparkContext: Created broadcast 4 from broadcast at DAGScheduler.scala:861
18/11/08 19:54:15 INFO DAGScheduler: Submitting 2 missing tasks from ShuffleMapStage 3 (MapPartitionsRDD[12] at flatMap at Partition.scala:48)
18/11/08 19:54:15 INFO TaskSchedulerImpl: Adding task set 3.0 with 2 tasks
18/11/08 19:54:15 INFO TaskSetManager: Starting task 0.0 in stage 3.0 (TID 6, localhost, PROCESS_LOCAL, 1947 bytes)
18/11/08 19:54:15 INFO TaskSetManager: Starting task 1.0 in stage 3.0 (TID 7, localhost, PROCESS_LOCAL, 1947 bytes)
18/11/08 19:54:15 INFO Executor: Running task 1.0 in stage 3.0 (TID 7)
18/11/08 19:54:15 INFO ShuffleBlockFetcherIterator: Getting 2 non-empty blocks out of 2 blocks
18/11/08 19:54:15 INFO ShuffleBlockFetcherIterator: Started 0 remote fetches in 0 ms
18/11/08 19:54:15 INFO Executor: Running task 0.0 in stage 3.0 (TID 6)
18/11/08 19:54:15 INFO ShuffleBlockFetcherIterator: Getting 2 non-empty blocks out of 2 blocks
18/11/08 19:54:15 INFO ShuffleBlockFetcherIterator: Started 0 remote fetches in 0 ms
18/11/08 19:54:15 INFO Executor: Finished task 1.0 in stage 3.0 (TID 7). 1375 bytes result sent to driver
18/11/08 19:54:15 INFO TaskSetManager: Finished task 1.0 in stage 3.0 (TID 7) in 20 ms on localhost (1/2)
18/11/08 19:54:15 INFO Executor: Finished task 0.0 in stage 3.0 (TID 6). 1375 bytes result sent to driver
18/11/08 19:54:15 INFO TaskSetManager: Finished task 0.0 in stage 3.0 (TID 6) in 102 ms on localhost (2/2)
18/11/08 19:54:15 INFO TaskSchedulerImpl: Removed TaskSet 3.0, whose tasks have all completed, from pool 
18/11/08 19:54:15 INFO DAGScheduler: ShuffleMapStage 3 (flatMap at Partition.scala:48) finished in 0.099 s
18/11/08 19:54:15 INFO DAGScheduler: looking for newly runnable stages
18/11/08 19:54:15 INFO DAGScheduler: running: Set()
18/11/08 19:54:15 INFO DAGScheduler: waiting: Set(ShuffleMapStage 5, ShuffleMapStage 6, ResultStage 7, ShuffleMapStage 4)
18/11/08 19:54:15 INFO DAGScheduler: failed: Set()
18/11/08 19:54:15 INFO DAGScheduler: Missing parents for ShuffleMapStage 5: List(ShuffleMapStage 4)
18/11/08 19:54:15 INFO DAGScheduler: Missing parents for ShuffleMapStage 6: List(ShuffleMapStage 5)
18/11/08 19:54:15 INFO DAGScheduler: Missing parents for ResultStage 7: List(ShuffleMapStage 6)
18/11/08 19:54:15 INFO DAGScheduler: Missing parents for ShuffleMapStage 4: List()
18/11/08 19:54:15 INFO DAGScheduler: Submitting ShuffleMapStage 4 (MapPartitionsRDD[15] at flatMap at Partition.scala:48), which is now runnable
18/11/08 19:54:15 INFO MemoryStore: ensureFreeSpace(6480) called with curMem=166616, maxMem=555755765
18/11/08 19:54:15 INFO MemoryStore: Block broadcast_5 stored as values in memory (estimated size 6.3 KB, free 529.8 MB)
18/11/08 19:54:15 INFO MemoryStore: ensureFreeSpace(3136) called with curMem=173096, maxMem=555755765
18/11/08 19:54:15 INFO MemoryStore: Block broadcast_5_piece0 stored as bytes in memory (estimated size 3.1 KB, free 529.8 MB)
18/11/08 19:54:15 INFO BlockManagerInfo: Added broadcast_5_piece0 in memory on localhost:36459 (size: 3.1 KB, free: 530.0 MB)
18/11/08 19:54:15 INFO SparkContext: Created broadcast 5 from broadcast at DAGScheduler.scala:861
18/11/08 19:54:15 INFO DAGScheduler: Submitting 2 missing tasks from ShuffleMapStage 4 (MapPartitionsRDD[15] at flatMap at Partition.scala:48)
18/11/08 19:54:15 INFO TaskSchedulerImpl: Adding task set 4.0 with 2 tasks
18/11/08 19:54:15 INFO TaskSetManager: Starting task 0.0 in stage 4.0 (TID 8, localhost, PROCESS_LOCAL, 1947 bytes)
18/11/08 19:54:15 INFO TaskSetManager: Starting task 1.0 in stage 4.0 (TID 9, localhost, PROCESS_LOCAL, 1947 bytes)
18/11/08 19:54:15 INFO Executor: Running task 1.0 in stage 4.0 (TID 9)
18/11/08 19:54:15 INFO ShuffleBlockFetcherIterator: Getting 2 non-empty blocks out of 2 blocks
18/11/08 19:54:15 INFO ShuffleBlockFetcherIterator: Started 0 remote fetches in 0 ms
18/11/08 19:54:15 INFO Executor: Running task 0.0 in stage 4.0 (TID 8)
18/11/08 19:54:15 INFO Executor: Finished task 1.0 in stage 4.0 (TID 9). 1375 bytes result sent to driver
18/11/08 19:54:15 INFO TaskSetManager: Finished task 1.0 in stage 4.0 (TID 9) in 15 ms on localhost (1/2)
18/11/08 19:54:15 INFO ShuffleBlockFetcherIterator: Getting 2 non-empty blocks out of 2 blocks
18/11/08 19:54:15 INFO ShuffleBlockFetcherIterator: Started 0 remote fetches in 1 ms
18/11/08 19:54:15 INFO Executor: Finished task 0.0 in stage 4.0 (TID 8). 1375 bytes result sent to driver
18/11/08 19:54:15 INFO TaskSetManager: Finished task 0.0 in stage 4.0 (TID 8) in 63 ms on localhost (2/2)
18/11/08 19:54:15 INFO TaskSchedulerImpl: Removed TaskSet 4.0, whose tasks have all completed, from pool 
18/11/08 19:54:15 INFO DAGScheduler: ShuffleMapStage 4 (flatMap at Partition.scala:48) finished in 0.064 s
18/11/08 19:54:15 INFO DAGScheduler: looking for newly runnable stages
18/11/08 19:54:15 INFO DAGScheduler: running: Set()
18/11/08 19:54:15 INFO DAGScheduler: waiting: Set(ShuffleMapStage 5, ShuffleMapStage 6, ResultStage 7)
18/11/08 19:54:15 INFO DAGScheduler: failed: Set()
18/11/08 19:54:15 INFO DAGScheduler: Missing parents for ShuffleMapStage 5: List()
18/11/08 19:54:15 INFO DAGScheduler: Missing parents for ShuffleMapStage 6: List(ShuffleMapStage 5)
18/11/08 19:54:15 INFO DAGScheduler: Missing parents for ResultStage 7: List(ShuffleMapStage 6)
18/11/08 19:54:15 INFO DAGScheduler: Submitting ShuffleMapStage 5 (MapPartitionsRDD[18] at flatMap at Partition.scala:48), which is now runnable
18/11/08 19:54:15 INFO MemoryStore: ensureFreeSpace(6816) called with curMem=176232, maxMem=555755765
18/11/08 19:54:15 INFO MemoryStore: Block broadcast_6 stored as values in memory (estimated size 6.7 KB, free 529.8 MB)
18/11/08 19:54:15 INFO MemoryStore: ensureFreeSpace(3205) called with curMem=183048, maxMem=555755765
18/11/08 19:54:15 INFO MemoryStore: Block broadcast_6_piece0 stored as bytes in memory (estimated size 3.1 KB, free 529.8 MB)
18/11/08 19:54:15 INFO BlockManagerInfo: Added broadcast_6_piece0 in memory on localhost:36459 (size: 3.1 KB, free: 530.0 MB)
18/11/08 19:54:15 INFO SparkContext: Created broadcast 6 from broadcast at DAGScheduler.scala:861
18/11/08 19:54:15 INFO DAGScheduler: Submitting 2 missing tasks from ShuffleMapStage 5 (MapPartitionsRDD[18] at flatMap at Partition.scala:48)
18/11/08 19:54:15 INFO TaskSchedulerImpl: Adding task set 5.0 with 2 tasks
18/11/08 19:54:15 INFO TaskSetManager: Starting task 0.0 in stage 5.0 (TID 10, localhost, PROCESS_LOCAL, 1947 bytes)
18/11/08 19:54:15 INFO TaskSetManager: Starting task 1.0 in stage 5.0 (TID 11, localhost, PROCESS_LOCAL, 1947 bytes)
18/11/08 19:54:15 INFO Executor: Running task 1.0 in stage 5.0 (TID 11)
18/11/08 19:54:15 INFO ShuffleBlockFetcherIterator: Getting 2 non-empty blocks out of 2 blocks
18/11/08 19:54:15 INFO ShuffleBlockFetcherIterator: Started 0 remote fetches in 0 ms
18/11/08 19:54:15 INFO Executor: Running task 0.0 in stage 5.0 (TID 10)
18/11/08 19:54:15 INFO ShuffleBlockFetcherIterator: Getting 2 non-empty blocks out of 2 blocks
18/11/08 19:54:15 INFO ShuffleBlockFetcherIterator: Started 0 remote fetches in 1 ms
18/11/08 19:54:15 INFO Executor: Finished task 1.0 in stage 5.0 (TID 11). 1375 bytes result sent to driver
18/11/08 19:54:15 INFO TaskSetManager: Finished task 1.0 in stage 5.0 (TID 11) in 26 ms on localhost (1/2)
18/11/08 19:54:15 INFO Executor: Finished task 0.0 in stage 5.0 (TID 10). 1375 bytes result sent to driver
18/11/08 19:54:15 INFO TaskSetManager: Finished task 0.0 in stage 5.0 (TID 10) in 59 ms on localhost (2/2)
18/11/08 19:54:15 INFO TaskSchedulerImpl: Removed TaskSet 5.0, whose tasks have all completed, from pool 
18/11/08 19:54:15 INFO DAGScheduler: ShuffleMapStage 5 (flatMap at Partition.scala:48) finished in 0.058 s
18/11/08 19:54:15 INFO DAGScheduler: looking for newly runnable stages
18/11/08 19:54:15 INFO DAGScheduler: running: Set()
18/11/08 19:54:15 INFO DAGScheduler: waiting: Set(ShuffleMapStage 6, ResultStage 7)
18/11/08 19:54:15 INFO DAGScheduler: failed: Set()
18/11/08 19:54:15 INFO DAGScheduler: Missing parents for ShuffleMapStage 6: List()
18/11/08 19:54:15 INFO DAGScheduler: Missing parents for ResultStage 7: List(ShuffleMapStage 6)
18/11/08 19:54:15 INFO DAGScheduler: Submitting ShuffleMapStage 6 (MapPartitionsRDD[21] at map at Partition.scala:51), which is now runnable
18/11/08 19:54:15 INFO MemoryStore: ensureFreeSpace(7256) called with curMem=186253, maxMem=555755765
18/11/08 19:54:15 INFO MemoryStore: Block broadcast_7 stored as values in memory (estimated size 7.1 KB, free 529.8 MB)
18/11/08 19:54:15 INFO MemoryStore: ensureFreeSpace(3335) called with curMem=193509, maxMem=555755765
18/11/08 19:54:15 INFO MemoryStore: Block broadcast_7_piece0 stored as bytes in memory (estimated size 3.3 KB, free 529.8 MB)
18/11/08 19:54:15 INFO BlockManagerInfo: Added broadcast_7_piece0 in memory on localhost:36459 (size: 3.3 KB, free: 530.0 MB)
18/11/08 19:54:15 INFO SparkContext: Created broadcast 7 from broadcast at DAGScheduler.scala:861
18/11/08 19:54:15 INFO DAGScheduler: Submitting 2 missing tasks from ShuffleMapStage 6 (MapPartitionsRDD[21] at map at Partition.scala:51)
18/11/08 19:54:15 INFO TaskSchedulerImpl: Adding task set 6.0 with 2 tasks
18/11/08 19:54:15 INFO TaskSetManager: Starting task 0.0 in stage 6.0 (TID 12, localhost, PROCESS_LOCAL, 1947 bytes)
18/11/08 19:54:15 INFO TaskSetManager: Starting task 1.0 in stage 6.0 (TID 13, localhost, PROCESS_LOCAL, 1947 bytes)
18/11/08 19:54:15 INFO Executor: Running task 0.0 in stage 6.0 (TID 12)
18/11/08 19:54:15 INFO ShuffleBlockFetcherIterator: Getting 2 non-empty blocks out of 2 blocks
18/11/08 19:54:15 INFO ShuffleBlockFetcherIterator: Started 0 remote fetches in 1 ms
18/11/08 19:54:15 INFO Executor: Running task 1.0 in stage 6.0 (TID 13)
18/11/08 19:54:15 INFO ShuffleBlockFetcherIterator: Getting 2 non-empty blocks out of 2 blocks
18/11/08 19:54:15 INFO ShuffleBlockFetcherIterator: Started 0 remote fetches in 0 ms
18/11/08 19:54:15 INFO Executor: Finished task 1.0 in stage 6.0 (TID 13). 1375 bytes result sent to driver
18/11/08 19:54:15 INFO TaskSetManager: Finished task 1.0 in stage 6.0 (TID 13) in 105 ms on localhost (1/2)
18/11/08 19:54:15 INFO Executor: Finished task 0.0 in stage 6.0 (TID 12). 1375 bytes result sent to driver
18/11/08 19:54:15 INFO TaskSetManager: Finished task 0.0 in stage 6.0 (TID 12) in 108 ms on localhost (2/2)
18/11/08 19:54:15 INFO TaskSchedulerImpl: Removed TaskSet 6.0, whose tasks have all completed, from pool 
18/11/08 19:54:15 INFO DAGScheduler: ShuffleMapStage 6 (map at Partition.scala:51) finished in 0.108 s
18/11/08 19:54:15 INFO DAGScheduler: looking for newly runnable stages
18/11/08 19:54:15 INFO DAGScheduler: running: Set()
18/11/08 19:54:15 INFO DAGScheduler: waiting: Set(ResultStage 7)
18/11/08 19:54:15 INFO DAGScheduler: failed: Set()
18/11/08 19:54:15 INFO DAGScheduler: Missing parents for ResultStage 7: List()
18/11/08 19:54:15 INFO DAGScheduler: Submitting ResultStage 7 (ShuffledRDD[22] at reduceByKey at Partition.scala:52), which is now runnable
18/11/08 19:54:15 INFO MemoryStore: ensureFreeSpace(2184) called with curMem=196844, maxMem=555755765
18/11/08 19:54:15 INFO MemoryStore: Block broadcast_8 stored as values in memory (estimated size 2.1 KB, free 529.8 MB)
18/11/08 19:54:15 INFO MemoryStore: ensureFreeSpace(1362) called with curMem=199028, maxMem=555755765
18/11/08 19:54:15 INFO MemoryStore: Block broadcast_8_piece0 stored as bytes in memory (estimated size 1362.0 B, free 529.8 MB)
18/11/08 19:54:15 INFO BlockManagerInfo: Added broadcast_8_piece0 in memory on localhost:36459 (size: 1362.0 B, free: 530.0 MB)
18/11/08 19:54:15 INFO SparkContext: Created broadcast 8 from broadcast at DAGScheduler.scala:861
18/11/08 19:54:15 INFO DAGScheduler: Submitting 2 missing tasks from ResultStage 7 (ShuffledRDD[22] at reduceByKey at Partition.scala:52)
18/11/08 19:54:15 INFO TaskSchedulerImpl: Adding task set 7.0 with 2 tasks
18/11/08 19:54:15 INFO TaskSetManager: Starting task 0.0 in stage 7.0 (TID 14, localhost, PROCESS_LOCAL, 1958 bytes)
18/11/08 19:54:15 INFO TaskSetManager: Starting task 1.0 in stage 7.0 (TID 15, localhost, PROCESS_LOCAL, 1958 bytes)
18/11/08 19:54:15 INFO Executor: Running task 1.0 in stage 7.0 (TID 15)
18/11/08 19:54:15 INFO ShuffleBlockFetcherIterator: Getting 2 non-empty blocks out of 2 blocks
18/11/08 19:54:15 INFO ShuffleBlockFetcherIterator: Started 0 remote fetches in 1 ms
(101,6)
(105,4)
(125,5)
(67,10)
(69,4)18/11/08 19:54:15 INFO Executor: Running task 0.0 in stage 7.0 (TID 14)

18/11/08 19:54:15 INFO Executor: Finished task 1.0 in stage 7.0 (TID 15). 1165 bytes result sent to driver
18/11/08 19:54:15 INFO TaskSetManager: Finished task 1.0 in stage 7.0 (TID 15) in 22 ms on localhost (1/2)
18/11/08 19:54:15 INFO ShuffleBlockFetcherIterator: Getting 2 non-empty blocks out of 2 blocks
18/11/08 19:54:15 INFO ShuffleBlockFetcherIterator: Started 0 remote fetches in 0 ms
(100,17)
(82,5)
(118,2)
(90,8)
(88,3)
18/11/08 19:54:15 INFO Executor: Finished task 0.0 in stage 7.0 (TID 14). 1165 bytes result sent to driver
18/11/08 19:54:15 INFO TaskSetManager: Finished task 0.0 in stage 7.0 (TID 14) in 40 ms on localhost (2/2)
18/11/08 19:54:15 INFO TaskSchedulerImpl: Removed TaskSet 7.0, whose tasks have all completed, from pool 
18/11/08 19:54:15 INFO DAGScheduler: ResultStage 7 (foreach at Partition.scala:56) finished in 0.040 s
18/11/08 19:54:15 INFO DAGScheduler: Job 0 finished: foreach at Partition.scala:56, took 1.054876 s
18/11/08 19:54:15 INFO SparkContext: Invoking stop() from shutdown hook
18/11/08 19:54:15 INFO SparkUI: Stopped Spark web UI at http://198.202.112.126:4040
18/11/08 19:54:15 INFO DAGScheduler: Stopping DAGScheduler
18/11/08 19:54:15 INFO MapOutputTrackerMasterEndpoint: MapOutputTrackerMasterEndpoint stopped!
18/11/08 19:54:15 INFO MemoryStore: MemoryStore cleared
18/11/08 19:54:15 INFO BlockManager: BlockManager stopped
18/11/08 19:54:15 INFO BlockManagerMaster: BlockManagerMaster stopped
18/11/08 19:54:15 INFO OutputCommitCoordinator$OutputCommitCoordinatorEndpoint: OutputCommitCoordinator stopped!
18/11/08 19:54:15 INFO SparkContext: Successfully stopped SparkContext
18/11/08 19:54:15 INFO ShutdownHookManager: Shutdown hook called
18/11/08 19:54:15 INFO ShutdownHookManager: Deleting directory /tmp/spark-a6986cc2-1746-4cdd-8a01-8e13378852c6
